2013-07-24 14:24:46		framework io_wrapper : socket error: No connection could be made because the target machine actively refused it

2013-07-24 14:24:46		repost init accessibility socket fail

2013-07-24 14:24:46		framework test_main : Current report 0/1

2013-07-24 14:24:46		framework TestLoader : loadTestSuit suit_name:test_suit_airplane

2013-07-24 14:24:46		framework TestLoader : loadTestSuit suit_name:test_suit_browser

2013-07-24 14:24:46		framework TestLoader : loadTestSuit suit_name:test_suit_cmcc

2013-07-24 14:24:46		framework TestLoader : loadTestSuit suit_name:test_suit_combination

2013-07-24 14:24:46		framework TestLoader : loadTestSuit suit_name:test_suit_csfb

2013-07-24 14:24:46		framework TestLoader : loadTestSuit suit_name:test_suit_enableDATA

2013-07-24 14:24:46		framework TestLoader : loadTestSuit suit_name:test_suit_ftp

2013-07-24 14:24:46		framework TestLoader : loadTestSuit suit_name:test_suit_lte

2013-07-24 14:24:46		framework TestLoader : suit_name:test_suit_lte

2013-07-24 14:24:46		framework TestLoader : check case:test_suit_lte_case1

2013-07-24 14:24:46		framework TestLoader : add case:test_suit_lte_case1

2013-07-24 14:24:46		framework TestLoader : check case:test_suit_lte_case2

2013-07-24 14:24:46		framework TestLoader : add case:test_suit_lte_case2

2013-07-24 14:24:46		framework TestLoader : check case:test_suit_lte_case3

2013-07-24 14:24:46		framework TestLoader : add case:test_suit_lte_case3

2013-07-24 14:24:46		framework TestLoader : check case:test_suit_lte_case4

2013-07-24 14:24:46		framework TestLoader : add case:test_suit_lte_case4

2013-07-24 14:24:46		framework TestLoader : check case:test_suit_lte_case5

2013-07-24 14:24:46		framework TestLoader : add case:test_suit_lte_case5

2013-07-24 14:24:46		framework TestLoader : check case:test_suit_lte_case6

2013-07-24 14:24:46		framework TestLoader : add case:test_suit_lte_case6

2013-07-24 14:24:46		framework TestLoader : check case:test_suit_lte_case7

2013-07-24 14:24:46		framework TestLoader : add case:test_suit_lte_case7

2013-07-24 14:24:46		framework TestLoader : check case:test_suit_lte_case8

2013-07-24 14:24:46		framework TestLoader : add case:test_suit_lte_case8

2013-07-24 14:24:46		framework TestLoader : check case:test_suit_lte_case9

2013-07-24 14:24:46		framework TestLoader : add case:test_suit_lte_case9

2013-07-24 14:24:46		framework TestLoader : check case:test_suit_lte_case10

2013-07-24 14:24:46		framework TestLoader : add case:test_suit_lte_case10

2013-07-24 14:24:46		framework TestLoader : check case:test_suit_lte_case11

2013-07-24 14:24:46		framework TestLoader : add case:test_suit_lte_case11

2013-07-24 14:24:46		framework TestLoader : check case:test_suit_lte_case12

2013-07-24 14:24:46		framework TestLoader : add case:test_suit_lte_case12

2013-07-24 14:24:46		framework TestLoader : check case:test_suit_lte_case13

2013-07-24 14:24:46		framework TestLoader : add case:test_suit_lte_case13

2013-07-24 14:24:46		framework test_suit_lte_case13 : case added

2013-07-24 14:24:46		framework test_suit_lte : suit added

2013-07-24 14:24:46		framework TestLoader : loadTestSuit suit_name:test_suit_mms

2013-07-24 14:24:46		framework TestLoader : loadTestSuit suit_name:test_suit_mtcall

2013-07-24 14:24:46		framework TestLoader : loadTestSuit suit_name:test_suit_mtmms

2013-07-24 14:24:46		framework TestLoader : loadTestSuit suit_name:test_suit_mtsms

2013-07-24 14:24:46		framework TestLoader : loadTestSuit suit_name:test_suit_phone

2013-07-24 14:24:46		framework TestLoader : loadTestSuit suit_name:test_suit_plmn

2013-07-24 14:24:46		framework TestLoader : loadTestSuit suit_name:test_suit_sms

2013-07-24 14:24:46		framework TestLoader : loadTestSuit suit_name:test_suit_ss

2013-07-24 14:24:46		framework TestLoader : loadTestSuit suit_name:test_suit_stabilitymodem

2013-07-24 14:24:46		framework TestLoader : loadTestSuit suit_name:test_suit_stability_ui

2013-07-24 14:24:46		framework TestLoader : loadTestSuit suit_name:test_suit_switchnetwork

2013-07-24 14:24:46		framework TestLoader : loadTestSuit suit_name:test_suit_x

2013-07-24 14:24:46		framework TestLoader : loadTestSuit suit_name:test_suit_y

2013-07-24 14:24:46		framework TestLoader : loadTestSuit suit_name:test_suit_z

2013-07-24 14:24:46		framework test_main : All test suites (1) :

2013-07-24 14:24:46		framework test_main : Suite : test_suit_lte

2013-07-24 14:24:46		framework test_suit_lte : suit init...

2013-07-24 14:24:46		framework utility_wrapper : send: len=58&sp;action=44&sp;value=(1/1)test_suit_lte.test_suit_lte_case13

2013-07-24 14:24:46		framework logging_wrapper : save log : adb logcat logcat -d  -v time > C:\Users\juliu\Desktop\QSST_allversion\135-autotest_v2.8\data\test_env\com.android.qrdtest\2013-07-24-14_24_40\test_suit_lte\\2013-07-24-14_24_46.logcat

2013-07-24 14:24:46		framework TestCaseBase : Exception is :'NoneType' object has no attribute 'send_msg_line'

2013-07-24 14:24:46		framework TestCaseBase : Traceback :Traceback (most recent call last):
  File "C:\Users\juliu\Desktop\QSST_allversion\135-autotest_v2.8\data\test_env\test_case_base.py", line 91, in test_case_run
    case_utility.update_notificationbar('(' + str(self.cycle_index) +'/' + str(SC.PUBLIC_RUNNING_REPEAT_NUMBER) + ')' + self.suit_name + '.' + self.name)
  File "C:\Users\juliu\Desktop\QSST_allversion\135-autotest_v2.8\data\test_env\case_utility.py", line 2038, in update_notificationbar
    interact_with_qsst_server(cmd)
  File "C:\Users\juliu\Desktop\QSST_allversion\135-autotest_v2.8\data\test_env\utility_wrapper.py", line 145, in interact_with_qsst_server
    send_result = my_socket_qsst.send_msg_line(cmd)
AttributeError: 'NoneType' object has no attribute 'send_msg_line'


2013-07-24 14:24:46		framework utility_wrapper : send: len=9&sp;action=16

2013-07-24 14:24:46		framework utility_wrapper : send: len=65&sp;action=10&sp;value=0&sp;value=0&sp;value=Unfortunately&sp;value=2

2013-07-24 14:24:46		framework logging_wrapper : save log : adb logcat logcat -d  -v time > C:\Users\juliu\Desktop\QSST_allversion\135-autotest_v2.8\data\test_env\com.android.qrdtest\2013-07-24-14_24_40\test_suit_lte\\2013-07-24-14_24_46.logcat

2013-07-24 14:24:46		framework TestCaseBase : Exception is :'NoneType' object has no attribute 'send_msg_line'

2013-07-24 14:24:46		framework TestCaseBase : Traceback :Traceback (most recent call last):
  File "C:\Users\juliu\Desktop\QSST_allversion\135-autotest_v2.8\data\test_env\test_case_base.py", line 155, in exit_app
    self.launcher.back_to_launcher()
  File "C:\Users\juliu\Desktop\QSST_allversion\135-autotest_v2.8\data\test_env\qrd_shared\launcher\Launcher.py", line 92, in back_to_launcher
    if search_text(self.get_value('Unfortunately'),0,0) and search_text(self.get_value('btn_ok'),0,0):
  File "C:\Users\juliu\Desktop\QSST_allversion\135-autotest_v2.8\data\test_env\case_utility.py", line 962, in search_text
    result = interact_with_server(cmd)
  File "C:\Users\juliu\Desktop\QSST_allversion\135-autotest_v2.8\data\test_env\utility_wrapper.py", line 107, in interact_with_server
    send_result = my_socket.send_msg_line(cmd)
AttributeError: 'NoneType' object has no attribute 'send_msg_line'


2013-07-24 14:24:46		framework test_suit_lte_case13 : case end

2013-07-24 14:24:46		repost Total:0/0

2013-07-24 14:24:46		framework test_suit_lte : suit end

2013-07-24 14:24:46		framework test_main : 
 all suit finished.

2013-07-24 14:24:46		framework utility_wrapper : send: len=9&sp;action=16

2013-07-24 14:24:46		framework utility_wrapper : send: len=65&sp;action=10&sp;value=0&sp;value=0&sp;value=Unfortunately&sp;value=2

