2013-07-22 11:03:14		framework TestLoader : suit_name:test_suit_settings

2013-07-22 11:03:14		framework TestLoader : check case:test_suit_settings_case1

2013-07-22 11:03:14		framework TestLoader : add case:test_suit_settings_case1

2013-07-22 11:03:14		framework test_suit_settings : suit init...

2013-07-22 11:03:14		framework test_suit_settings : suit end

2013-07-22 11:03:14		framework test_main : Current report 0/1

2013-07-22 11:03:14		framework TestLoader : loadTestSuit suit_name:test_suit_airplane

2013-07-22 11:03:14		framework TestLoader : loadTestSuit suit_name:test_suit_browser

2013-07-22 11:03:14		framework TestLoader : loadTestSuit suit_name:test_suit_cmcc

2013-07-22 11:03:14		framework TestLoader : loadTestSuit suit_name:test_suit_combination

2013-07-22 11:03:14		framework TestLoader : loadTestSuit suit_name:test_suit_csfb

2013-07-22 11:03:14		framework TestLoader : suit_name:test_suit_csfb

2013-07-22 11:03:14		framework TestLoader : check case:test_suit_csfb_case1

2013-07-22 11:03:14		framework TestLoader : add case:test_suit_csfb_case1

2013-07-22 11:03:14		framework TestLoader : check case:test_suit_csfb_case2

2013-07-22 11:03:14		framework TestLoader : add case:test_suit_csfb_case2

2013-07-22 11:03:14		framework TestLoader : check case:test_suit_csfb_case3

2013-07-22 11:03:14		framework TestLoader : add case:test_suit_csfb_case3

2013-07-22 11:03:14		framework TestLoader : check case:test_suit_csfb_case4

2013-07-22 11:03:14		framework TestLoader : add case:test_suit_csfb_case4

2013-07-22 11:03:14		framework test_suit_csfb_case4 : case added

2013-07-22 11:03:14		framework TestLoader : check case:test_suit_csfb_case5

2013-07-22 11:03:14		framework TestLoader : add case:test_suit_csfb_case5

2013-07-22 11:03:14		framework TestLoader : check case:test_suit_csfb_case6

2013-07-22 11:03:14		framework TestLoader : add case:test_suit_csfb_case6

2013-07-22 11:03:14		framework test_suit_csfb : suit added

2013-07-22 11:03:14		framework TestLoader : loadTestSuit suit_name:test_suit_enableDATA

2013-07-22 11:03:14		framework TestLoader : loadTestSuit suit_name:test_suit_ftp

2013-07-22 11:03:14		framework TestLoader : loadTestSuit suit_name:test_suit_lte

2013-07-22 11:03:14		framework TestLoader : loadTestSuit suit_name:test_suit_mms

2013-07-22 11:03:14		framework TestLoader : loadTestSuit suit_name:test_suit_mtcall

2013-07-22 11:03:14		framework TestLoader : loadTestSuit suit_name:test_suit_mtmms

2013-07-22 11:03:14		framework TestLoader : loadTestSuit suit_name:test_suit_mtsms

2013-07-22 11:03:14		framework TestLoader : loadTestSuit suit_name:test_suit_phone

2013-07-22 11:03:14		framework TestLoader : loadTestSuit suit_name:test_suit_plmn

2013-07-22 11:03:14		framework TestLoader : loadTestSuit suit_name:test_suit_sms

2013-07-22 11:03:14		framework TestLoader : loadTestSuit suit_name:test_suit_ss

2013-07-22 11:03:14		framework TestLoader : loadTestSuit suit_name:test_suit_stabilitymodem

2013-07-22 11:03:14		framework TestLoader : loadTestSuit suit_name:test_suit_stability_ui

2013-07-22 11:03:14		framework TestLoader : loadTestSuit suit_name:test_suit_switchnetwork

2013-07-22 11:03:14		framework TestLoader : loadTestSuit suit_name:test_suit_x

2013-07-22 11:03:14		framework TestLoader : loadTestSuit suit_name:test_suit_y

2013-07-22 11:03:14		framework TestLoader : loadTestSuit suit_name:test_suit_z

2013-07-22 11:03:14		framework test_main : All test suites (1) :

2013-07-22 11:03:14		framework test_main : Suite : test_suit_csfb

2013-07-22 11:03:14		framework test_suit_csfb : suit init...

2013-07-22 11:03:14		framework utility_wrapper : send: len=59&sp;action=44&sp;value=(1/1)test_suit_csfb.test_suit_csfb_case4

2013-07-22 11:03:14		framework io_wrapper : socket recv error: An established connection was aborted by the software in your host machine

2013-07-22 11:03:14		framework logging_wrapper : save log : adb logcat logcat -d  -v time > C:\Users\juliu\Desktop\QSST_allversion\135-autotest_v2.8\data\test_env\com.android.qrdtest\2013-07-22-11_03_09\test_suit_csfb\\2013-07-22-11_03_14.logcat

2013-07-22 11:03:14		framework TestCaseBase : Exception is :SOCKETEXCEPTION:receive message failed

2013-07-22 11:03:14		framework TestCaseBase : Traceback :Traceback (most recent call last):
  File "C:\Users\juliu\Desktop\QSST_allversion\135-autotest_v2.8\data\test_env\test_case_base.py", line 91, in test_case_run
    case_utility.update_notificationbar('(' + str(self.cycle_index) +'/' + str(SC.PUBLIC_RUNNING_REPEAT_NUMBER) + ')' + self.suit_name + '.' + self.name)
  File "C:\Users\juliu\Desktop\QSST_allversion\135-autotest_v2.8\data\test_env\case_utility.py", line 2038, in update_notificationbar
    interact_with_qsst_server(cmd)
  File "C:\Users\juliu\Desktop\QSST_allversion\135-autotest_v2.8\data\test_env\utility_wrapper.py", line 153, in interact_with_qsst_server
    raise SocketException('receive message failed')
SocketException: SOCKETEXCEPTION:receive message failed


2013-07-22 11:03:14		framework test_suit_csfb_case4 : case end

2013-07-22 11:03:14		repost Total:0/0

2013-07-22 11:03:14		framework test_suit_csfb : suit end

2013-07-22 11:03:14		framework test_main : 
 all suit finished.

2013-07-22 11:03:14		framework utility_wrapper : send: len=9&sp;action=16

2013-07-22 11:03:14		framework io_wrapper : socket recv error: An established connection was aborted by the software in your host machine

2013-07-22 11:03:14		framework utility_wrapper : end test runner

